Error while opening log file: open : no such file or directory
exec error FAILING exec: "notexist": executable file not found in $PATH
exec error FAILING exec: "notexist": executable file not found in $PATH
exec error FAILING exec: "notexist": executable file not found in $PATH
Error while opening log file: open sadas/fdfd: no such file or directory
FAILING STDOUT stopped
Error while opening log file: open : no such file or directory
FAILING STDERR stopped
Error while opening log file: open sadas/fdfd: no such file or directory
Error while opening log file: open : no such file or directory
exit value STDOUT stopped
exit value STDERR stopped
EXITED WITH PROPER CODE: 2
REALTIME is consired started
client left..
reload config...
Killing and deleting REALTIME
Killing and deleting FAILING
panic: runtime error: invalid memory address or nil pointer dereference
[signal SIGSEGV: segmentation violation code=0x1 addr=0x0 pc=0x4b6c2b]

goroutine 5 [running]:
os.(*Process).signal(0x0, 0x5b5620, 0x695390, 0x0, 0x0)
	/usr/local/go/src/os/exec_unix.go:56 +0x3b
os.(*Process).Signal(...)
	/usr/local/go/src/os/exec.go:131
os.(*Process).kill(...)
	/usr/local/go/src/os/exec_posix.go:65
os.(*Process).Kill(...)
	/usr/local/go/src/os/exec.go:116
github.com/tuommii/taskmaster/job.(*Process).Kill(...)
	/home/miikka/projects/hive/taskmaster/job/process.go:97
main.(*server).removeTasks(0xc0000a6a00)
	/home/miikka/projects/hive/taskmaster/cmd/server/server.go:39 +0x14f
main.(*server).reloadConfig(0xc0000a6a00)
	/home/miikka/projects/hive/taskmaster/cmd/server/server.go:47 +0x98
main.(*server).listenSignals.func1(0xc0000b4360, 0xc0000a6a00, 0xc00009a930)
	/home/miikka/projects/hive/taskmaster/cmd/server/server.go:65 +0x113
created by main.(*server).listenSignals
	/home/miikka/projects/hive/taskmaster/cmd/server/server.go:61 +0x93
